<?xml version="1.0" encoding="UTF-8"?>
<!-- Generated by org.testng.reporters.JUnitReportReporter -->
<testsuite hostname="DESKTOP-GJIICUT" failures="0" tests="2" name="com.TestScripts.RegisterTest" time="0.000" errors="0" timestamp="2024-01-08T20:40:54 IST" skipped="2">
  <testcase classname="com.TestScripts.RegisterTest" name="Verify_Registrationfunctionality" time="0.000">
    <skipped/>
  </testcase> <!-- Verify_Registrationfunctionality -->
  <system-out/>
  <testcase classname="com.TestScripts.RegisterTest" name="Verify_Login" time="0.000">
    <skipped/>
  </testcase> <!-- Verify_Login -->
  <system-out/>
</testsuite> <!-- com.TestScripts.RegisterTest -->
